<?xml version="1.0" encoding="UTF-8"?>
<testsuite name="com.learnreactiveprogramming.service.FluxAndMonoGeneratorServiceTest" tests="1" skipped="0" failures="0" errors="0" timestamp="2024-11-26T23:23:37" hostname="snehals-MBP.attlocal.net" time="0.181">
  <properties/>
  <testcase name="explore_zip1()" classname="com.learnreactiveprogramming.service.FluxAndMonoGeneratorServiceTest" time="0.181"/>
  <system-out><![CDATA[18:23:38.074 [Test worker] DEBUG reactor.util.Loggers$LoggerFactory - Using Slf4j logging framework
18:23:38.105 [Test worker] INFO reactor.Flux.Map.1 - onSubscribe(FluxMap.MapSubscriber)
18:23:38.109 [Test worker] INFO reactor.Flux.Map.1 - request(unbounded)
18:23:38.112 [Test worker] INFO reactor.Flux.Map.1 - onNext(AD14)
18:23:38.112 [Test worker] INFO reactor.Flux.Map.1 - onNext(BE25)
18:23:38.112 [Test worker] INFO reactor.Flux.Map.1 - onNext(CF36)
18:23:38.113 [Test worker] INFO reactor.Flux.Map.1 - onComplete()
]]></system-out>
  <system-err><![CDATA[]]></system-err>
</testsuite>
