<?xml version="1.0" encoding="UTF-8"?>
<testsuite name="com.learnreactiveprogramming.service.FluxAndMonoGeneratorServiceTest" tests="1" skipped="0" failures="0" errors="0" timestamp="2024-11-25T23:29:32" hostname="snehals-MBP.attlocal.net" time="0.853">
  <properties/>
  <testcase name="namesFluxConcatmapAsync()" classname="com.learnreactiveprogramming.service.FluxAndMonoGeneratorServiceTest" time="0.853"/>
  <system-out><![CDATA[18:29:32.271 [Test worker] DEBUG reactor.util.Loggers$LoggerFactory - Using Slf4j logging framework
18:29:32.327 [Test worker] INFO reactor.Flux.ConcatMap.1 - onSubscribe(FluxConcatMap.ConcatMapImmediate)
18:29:32.334 [Test worker] INFO reactor.Flux.ConcatMap.1 - request(unbounded)
18:29:32.498 [parallel-1] INFO reactor.Flux.ConcatMap.1 - onNext(A)
18:29:32.586 [parallel-2] INFO reactor.Flux.ConcatMap.1 - onNext(L)
18:29:32.676 [parallel-3] INFO reactor.Flux.ConcatMap.1 - onNext(E)
18:29:32.762 [parallel-4] INFO reactor.Flux.ConcatMap.1 - onNext(X)
18:29:32.792 [parallel-1] INFO reactor.Flux.ConcatMap.1 - onNext(C)
18:29:32.823 [parallel-2] INFO reactor.Flux.ConcatMap.1 - onNext(H)
18:29:32.855 [parallel-3] INFO reactor.Flux.ConcatMap.1 - onNext(L)
18:29:32.887 [parallel-4] INFO reactor.Flux.ConcatMap.1 - onNext(O)
18:29:32.919 [parallel-1] INFO reactor.Flux.ConcatMap.1 - onNext(E)
18:29:32.921 [parallel-1] INFO reactor.Flux.ConcatMap.1 - onComplete()
]]></system-out>
  <system-err><![CDATA[]]></system-err>
</testsuite>
